2025-07-09T16:43:49 | touched: scripts/deploy.js
2025-03-23T17:53:55 | touched: README.md
2025-05-07T17:07:50 | touched: README.md
2025-07-28T20:07:04 | touched: hardhat.config.js
2025-08-20T02:42:14 | touched: test/Optimismlayer.test.js
2025-11-16T03:00:08 | touched: README.md
2025-06-14T14:45:14 | touched: README.md
2025-03-28T08:10:44 | touched: contracts/Optimismlayer.sol
2025-02-19T08:11:12 | touched: contracts/Optimismlayer.sol
2025-01-20T21:33:19 | touched: LICENSE
2025-05-16T13:28:08 | touched: scripts/deploy.js
2025-10-19T19:53:48 | touched: package.json
2025-01-09T17:57:36 | touched: test/Optimismlayer.test.js
2025-03-07T05:58:06 | touched: contracts/Optimismlayer.sol
2025-04-16T13:09:43 | touched: .env.example
2025-09-17T22:22:49 | touched: README.md
2025-04-17T00:46:26 | touched: test/Optimismlayer.test.js
2025-05-21T18:06:06 | touched: package.json
2025-08-18T22:54:00 | touched: package.json
2025-11-27T16:44:27 | touched: scripts/deploy.js
2025-07-20T00:36:56 | touched: test/Optimismlayer.test.js
2025-11-18T08:20:48 | touched: README.md
2025-06-17T04:16:54 | touched: LICENSE
2025-02-23T04:33:16 | touched: scripts/deploy.js
2025-10-13T13:32:31 | touched: LICENSE
2025-11-19T03:27:18 | touched: package.json
2025-08-04T11:32:38 | touched: README.md
2025-04-09T04:35:22 | touched: package.json
2025-08-10T09:02:06 | touched: LICENSE
2025-07-20T22:47:54 | touched: test/Optimismlayer.test.js
2025-04-12T04:28:33 | touched: hardhat.config.js
2025-03-28T14:12:26 | touched: scripts/deploy.js
2025-04-05T10:01:13 | touched: package.json
2025-09-17T13:59:32 | touched: .env.example
2025-03-12T09:36:51 | touched: contracts/Optimismlayer.sol
2025-08-27T09:53:40 | touched: .env.example
2025-12-13T07:35:02 | touched: scripts/deploy.js
2026-01-09T21:51:13 | touched: scripts/deploy.js
2025-08-17T05:42:09 | touched: .env.example
2026-01-03T16:57:38 | touched: hardhat.config.js
2026-01-15T23:38:26 | touched: test/Optimismlayer.test.js
2026-01-07T20:15:17 | touched: scripts/deploy.js
2026-01-19T02:32:34 | touched: README.md
2026-01-21T04:03:14 | touched: .env.example
2026-01-17T18:24:20 | touched: scripts/deploy.js
2025-08-06T14:12:15 | touched: contracts/Optimismlayer.sol
2026-01-05T04:08:27 | touched: test/Optimismlayer.test.js
2026-01-12T07:39:32 | touched: LICENSE
2026-01-16T15:23:11 | touched: hardhat.config.js
2025-06-29T18:48:38 | touched: .env.example
2026-01-03T23:17:59 | touched: README.md
2025-08-13T10:15:03 | touched: .env.example
2026-01-04T17:07:35 | touched: hardhat.config.js
2026-01-20T10:19:06 | touched: contracts/Optimismlayer.sol
2026-01-02T17:19:09 | touched: package.json
2026-01-19T04:00:52 | touched: .env.example
2026-01-15T21:47:01 | touched: scripts/deploy.js
2025-10-15T12:15:00 | touched: LICENSE
2026-01-04T09:22:53 | touched: package.json
